2014-04-02 17:18:38,346 - Velocimacro : adding VMs from VM library template : VM_global_library.vm
2014-04-02 17:18:38,369 - ResourceManager : unable to find resource 'VM_global_library.vm' in any resource loader.
2014-04-02 17:18:38,369 - Velocimacro : error using  VM library template VM_global_library.vm : org.apache.velocity.exception.ResourceNotFoundException: Unable to find resource 'VM_global_library.vm'
2014-04-02 17:18:38,369 - Velocimacro :  VM library template macro registration complete.
2014-04-02 17:18:38,369 - Velocimacro : allowInline = true : VMs can be defined inline in templates
2014-04-02 17:18:38,369 - Velocimacro : allowInlineToOverride = false : VMs defined inline may NOT replace previous VM definitions
2014-04-02 17:18:38,369 - Velocimacro : allowInlineLocal = false : VMs defined inline will be  global in scope if allowed.
2014-04-02 17:18:38,369 - Velocimacro : messages on  : VM system will output logging messages
2014-04-02 17:18:38,369 - Velocimacro : autoload off  : VM system will not automatically reload global library macros
2014-04-02 17:18:38,369 - Velocimacro : initialization complete.
2014-04-02 17:18:38,369 - Velocity successfully started.
2014-04-02 17:19:59,214 - SimpleLog4JLogSystem initialized using logfile 'velocity.log'
2014-04-02 17:19:59,214 - ************************************************************** 
2014-04-02 17:19:59,214 - Starting Jakarta Velocity v1.4
2014-04-02 17:19:59,214 - RuntimeInstance initializing.
2014-04-02 17:19:59,214 - Default Properties File: org\apache\velocity\runtime\defaults\velocity.properties
2014-04-02 17:19:59,214 - Trying to use logger class org.apache.velocity.runtime.log.SimpleLog4JLogSystem
2014-04-02 17:19:59,214 - Using logger class org.apache.velocity.runtime.log.SimpleLog4JLogSystem
2014-04-02 17:19:59,221 - Default ResourceManager initializing. (class org.apache.velocity.runtime.resource.ResourceManagerImpl)
2014-04-02 17:19:59,225 - Resource Loader Instantiated: org.apache.velocity.runtime.resource.loader.ClasspathResourceLoader
2014-04-02 17:19:59,225 - ClasspathResourceLoader : initialization starting.
2014-04-02 17:19:59,225 - ClasspathResourceLoader : initialization complete.
2014-04-02 17:19:59,228 - ResourceCache : initialized. (class org.apache.velocity.runtime.resource.ResourceCacheImpl)
2014-04-02 17:19:59,228 - Default ResourceManager initialization complete.
2014-04-02 17:19:59,231 - Loaded System Directive: org.apache.velocity.runtime.directive.Literal
2014-04-02 17:19:59,234 - Loaded System Directive: org.apache.velocity.runtime.directive.Macro
2014-04-02 17:19:59,240 - Loaded System Directive: org.apache.velocity.runtime.directive.Parse
2014-04-02 17:19:59,243 - Loaded System Directive: org.apache.velocity.runtime.directive.Include
2014-04-02 17:19:59,245 - Loaded System Directive: org.apache.velocity.runtime.directive.Foreach
2014-04-02 17:19:59,285 - Created: 20 parsers.
2014-04-02 17:19:59,301 - Velocimacro : initialization starting.
2014-04-02 17:19:59,301 - Velocimacro : adding VMs from VM library template : VM_global_library.vm
2014-04-02 17:19:59,308 - ResourceManager : unable to find resource 'VM_global_library.vm' in any resource loader.
2014-04-02 17:19:59,308 - Velocimacro : error using  VM library template VM_global_library.vm : org.apache.velocity.exception.ResourceNotFoundException: Unable to find resource 'VM_global_library.vm'
2014-04-02 17:19:59,308 - Velocimacro :  VM library template macro registration complete.
2014-04-02 17:19:59,308 - Velocimacro : allowInline = true : VMs can be defined inline in templates
2014-04-02 17:19:59,308 - Velocimacro : allowInlineToOverride = false : VMs defined inline may NOT replace previous VM definitions
2014-04-02 17:19:59,308 - Velocimacro : allowInlineLocal = false : VMs defined inline will be  global in scope if allowed.
2014-04-02 17:19:59,308 - Velocimacro : messages on  : VM system will output logging messages
2014-04-02 17:19:59,308 - Velocimacro : autoload off  : VM system will not automatically reload global library macros
2014-04-02 17:19:59,308 - Velocimacro : initialization complete.
2014-04-02 17:19:59,308 - Velocity successfully started.
2014-04-02 17:21:35,310 - SimpleLog4JLogSystem initialized using logfile 'velocity.log'
2014-04-02 17:21:35,310 - ************************************************************** 
2014-04-02 17:21:35,310 - Starting Jakarta Velocity v1.4
2014-04-02 17:21:35,310 - RuntimeInstance initializing.
2014-04-02 17:21:35,310 - Default Properties File: org\apache\velocity\runtime\defaults\velocity.properties
2014-04-02 17:21:35,310 - Trying to use logger class org.apache.velocity.runtime.log.SimpleLog4JLogSystem
2014-04-02 17:21:35,310 - Using logger class org.apache.velocity.runtime.log.SimpleLog4JLogSystem
2014-04-02 17:21:35,317 - Default ResourceManager initializing. (class org.apache.velocity.runtime.resource.ResourceManagerImpl)
2014-04-02 17:21:35,321 - Resource Loader Instantiated: org.apache.velocity.runtime.resource.loader.ClasspathResourceLoader
2014-04-02 17:21:35,321 - ClasspathResourceLoader : initialization starting.
2014-04-02 17:21:35,321 - ClasspathResourceLoader : initialization complete.
2014-04-02 17:21:35,325 - ResourceCache : initialized. (class org.apache.velocity.runtime.resource.ResourceCacheImpl)
2014-04-02 17:21:35,325 - Default ResourceManager initialization complete.
2014-04-02 17:21:35,328 - Loaded System Directive: org.apache.velocity.runtime.directive.Literal
2014-04-02 17:21:35,332 - Loaded System Directive: org.apache.velocity.runtime.directive.Macro
2014-04-02 17:21:35,338 - Loaded System Directive: org.apache.velocity.runtime.directive.Parse
2014-04-02 17:21:35,341 - Loaded System Directive: org.apache.velocity.runtime.directive.Include
2014-04-02 17:21:35,343 - Loaded System Directive: org.apache.velocity.runtime.directive.Foreach
2014-04-02 17:21:35,383 - Created: 20 parsers.
2014-04-02 17:21:35,400 - Velocimacro : initialization starting.
2014-04-02 17:21:35,400 - Velocimacro : adding VMs from VM library template : VM_global_library.vm
2014-04-02 17:21:35,406 - ResourceManager : unable to find resource 'VM_global_library.vm' in any resource loader.
2014-04-02 17:21:35,406 - Velocimacro : error using  VM library template VM_global_library.vm : org.apache.velocity.exception.ResourceNotFoundException: Unable to find resource 'VM_global_library.vm'
2014-04-02 17:21:35,406 - Velocimacro :  VM library template macro registration complete.
2014-04-02 17:21:35,406 - Velocimacro : allowInline = true : VMs can be defined inline in templates
2014-04-02 17:21:35,406 - Velocimacro : allowInlineToOverride = false : VMs defined inline may NOT replace previous VM definitions
2014-04-02 17:21:35,406 - Velocimacro : allowInlineLocal = false : VMs defined inline will be  global in scope if allowed.
2014-04-02 17:21:35,407 - Velocimacro : messages on  : VM system will output logging messages
2014-04-02 17:21:35,407 - Velocimacro : autoload off  : VM system will not automatically reload global library macros
2014-04-02 17:21:35,407 - Velocimacro : initialization complete.
2014-04-02 17:21:35,407 - Velocity successfully started.
2014-04-03 17:22:09,713 - SimpleLog4JLogSystem initialized using logfile 'velocity.log'
2014-04-03 17:22:09,713 - ************************************************************** 
2014-04-03 17:22:09,713 - Starting Jakarta Velocity v1.4
2014-04-03 17:22:09,713 - RuntimeInstance initializing.
2014-04-03 17:22:09,713 - Default Properties File: org\apache\velocity\runtime\defaults\velocity.properties
2014-04-03 17:22:09,713 - Trying to use logger class org.apache.velocity.runtime.log.SimpleLog4JLogSystem
2014-04-03 17:22:09,713 - Using logger class org.apache.velocity.runtime.log.SimpleLog4JLogSystem
2014-04-03 17:22:09,725 - Default ResourceManager initializing. (class org.apache.velocity.runtime.resource.ResourceManagerImpl)
2014-04-03 17:22:09,734 - Resource Loader Instantiated: org.apache.velocity.runtime.resource.loader.ClasspathResourceLoader
2014-04-03 17:22:09,734 - ClasspathResourceLoader : initialization starting.
2014-04-03 17:22:09,734 - ClasspathResourceLoader : initialization complete.
2014-04-03 17:22:09,740 - ResourceCache : initialized. (class org.apache.velocity.runtime.resource.ResourceCacheImpl)
2014-04-03 17:22:09,740 - Default ResourceManager initialization complete.
2014-04-03 17:22:09,745 - Loaded System Directive: org.apache.velocity.runtime.directive.Literal
2014-04-03 17:22:09,754 - Loaded System Directive: org.apache.velocity.runtime.directive.Macro
2014-04-03 17:22:09,762 - Loaded System Directive: org.apache.velocity.runtime.directive.Parse
2014-04-03 17:22:09,768 - Loaded System Directive: org.apache.velocity.runtime.directive.Include
2014-04-03 17:22:09,771 - Loaded System Directive: org.apache.velocity.runtime.directive.Foreach
2014-04-03 17:22:09,832 - Created: 20 parsers.
2014-04-03 17:22:09,862 - Velocimacro : initialization starting.
2014-04-03 17:22:09,862 - Velocimacro : adding VMs from VM library template : VM_global_library.vm
2014-04-03 17:22:09,877 - ResourceManager : unable to find resource 'VM_global_library.vm' in any resource loader.
2014-04-03 17:22:09,877 - Velocimacro : error using  VM library template VM_global_library.vm : org.apache.velocity.exception.ResourceNotFoundException: Unable to find resource 'VM_global_library.vm'
2014-04-03 17:22:09,877 - Velocimacro :  VM library template macro registration complete.
2014-04-03 17:22:09,877 - Velocimacro : allowInline = true : VMs can be defined inline in templates
2014-04-03 17:22:09,877 - Velocimacro : allowInlineToOverride = false : VMs defined inline may NOT replace previous VM definitions
2014-04-03 17:22:09,877 - Velocimacro : allowInlineLocal = false : VMs defined inline will be  global in scope if allowed.
2014-04-03 17:22:09,877 - Velocimacro : messages on  : VM system will output logging messages
2014-04-03 17:22:09,877 - Velocimacro : autoload off  : VM system will not automatically reload global library macros
2014-04-03 17:22:09,877 - Velocimacro : initialization complete.
2014-04-03 17:22:09,877 - Velocity successfully started.
2014-04-03 17:39:07,725 - SimpleLog4JLogSystem initialized using logfile 'velocity.log'
2014-04-03 17:39:07,725 - ************************************************************** 
2014-04-03 17:39:07,725 - Starting Jakarta Velocity v1.4
2014-04-03 17:39:07,725 - RuntimeInstance initializing.
2014-04-03 17:39:07,725 - Default Properties File: org\apache\velocity\runtime\defaults\velocity.properties
2014-04-03 17:39:07,725 - Trying to use logger class org.apache.velocity.runtime.log.SimpleLog4JLogSystem
2014-04-03 17:39:07,725 - Using logger class org.apache.velocity.runtime.log.SimpleLog4JLogSystem
2014-04-03 17:39:07,732 - Default ResourceManager initializing. (class org.apache.velocity.runtime.resource.ResourceManagerImpl)
2014-04-03 17:39:07,736 - Resource Loader Instantiated: org.apache.velocity.runtime.resource.loader.ClasspathResourceLoader
2014-04-03 17:39:07,736 - ClasspathResourceLoader : initialization starting.
2014-04-03 17:39:07,736 - ClasspathResourceLoader : initialization complete.
2014-04-03 17:39:07,739 - ResourceCache : initialized. (class org.apache.velocity.runtime.resource.ResourceCacheImpl)
2014-04-03 17:39:07,739 - Default ResourceManager initialization complete.
2014-04-03 17:39:07,742 - Loaded System Directive: org.apache.velocity.runtime.directive.Literal
2014-04-03 17:39:07,745 - Loaded System Directive: org.apache.velocity.runtime.directive.Macro
2014-04-03 17:39:07,751 - Loaded System Directive: org.apache.velocity.runtime.directive.Parse
2014-04-03 17:39:07,754 - Loaded System Directive: org.apache.velocity.runtime.directive.Include
2014-04-03 17:39:07,755 - Loaded System Directive: org.apache.velocity.runtime.directive.Foreach
2014-04-03 17:39:07,796 - Created: 20 parsers.
2014-04-03 17:39:07,812 - Velocimacro : initialization starting.
2014-04-03 17:39:07,813 - Velocimacro : adding VMs from VM library template : VM_global_library.vm
2014-04-03 17:39:07,819 - ResourceManager : unable to find resource 'VM_global_library.vm' in any resource loader.
2014-04-03 17:39:07,819 - Velocimacro : error using  VM library template VM_global_library.vm : org.apache.velocity.exception.ResourceNotFoundException: Unable to find resource 'VM_global_library.vm'
2014-04-03 17:39:07,819 - Velocimacro :  VM library template macro registration complete.
2014-04-03 17:39:07,819 - Velocimacro : allowInline = true : VMs can be defined inline in templates
2014-04-03 17:39:07,819 - Velocimacro : allowInlineToOverride = false : VMs defined inline may NOT replace previous VM definitions
2014-04-03 17:39:07,819 - Velocimacro : allowInlineLocal = false : VMs defined inline will be  global in scope if allowed.
2014-04-03 17:39:07,819 - Velocimacro : messages on  : VM system will output logging messages
2014-04-03 17:39:07,819 - Velocimacro : autoload off  : VM system will not automatically reload global library macros
2014-04-03 17:39:07,819 - Velocimacro : initialization complete.
2014-04-03 17:39:07,819 - Velocity successfully started.
2014-04-03 17:41:17,993 - SimpleLog4JLogSystem initialized using logfile 'velocity.log'
2014-04-03 17:41:17,993 - ************************************************************** 
2014-04-03 17:41:17,993 - Starting Jakarta Velocity v1.4
2014-04-03 17:41:17,993 - RuntimeInstance initializing.
2014-04-03 17:41:17,993 - Default Properties File: org\apache\velocity\runtime\defaults\velocity.properties
2014-04-03 17:41:17,993 - Trying to use logger class org.apache.velocity.runtime.log.SimpleLog4JLogSystem
2014-04-03 17:41:17,993 - Using logger class org.apache.velocity.runtime.log.SimpleLog4JLogSystem
2014-04-03 17:41:18,005 - Default ResourceManager initializing. (class org.apache.velocity.runtime.resource.ResourceManagerImpl)
2014-04-03 17:41:18,013 - Resource Loader Instantiated: org.apache.velocity.runtime.resource.loader.ClasspathResourceLoader
2014-04-03 17:41:18,013 - ClasspathResourceLoader : initialization starting.
2014-04-03 17:41:18,013 - ClasspathResourceLoader : initialization complete.
2014-04-03 17:41:18,019 - ResourceCache : initialized. (class org.apache.velocity.runtime.resource.ResourceCacheImpl)
2014-04-03 17:41:18,019 - Default ResourceManager initialization complete.
2014-04-03 17:41:18,024 - Loaded System Directive: org.apache.velocity.runtime.directive.Literal
2014-04-03 17:41:18,029 - Loaded System Directive: org.apache.velocity.runtime.directive.Macro
2014-04-03 17:41:18,041 - Loaded System Directive: org.apache.velocity.runtime.directive.Parse
2014-04-03 17:41:18,047 - Loaded System Directive: org.apache.velocity.runtime.directive.Include
2014-04-03 17:41:18,050 - Loaded System Directive: org.apache.velocity.runtime.directive.Foreach
2014-04-03 17:41:18,110 - Created: 20 parsers.
2014-04-03 17:41:18,140 - Velocimacro : initialization starting.
2014-04-03 17:41:18,140 - Velocimacro : adding VMs from VM library template : VM_global_library.vm
2014-04-03 17:41:18,152 - ResourceManager : unable to find resource 'VM_global_library.vm' in any resource loader.
2014-04-03 17:41:18,152 - Velocimacro : error using  VM library template VM_global_library.vm : org.apache.velocity.exception.ResourceNotFoundException: Unable to find resource 'VM_global_library.vm'
2014-04-03 17:41:18,152 - Velocimacro :  VM library template macro registration complete.
2014-04-03 17:41:18,152 - Velocimacro : allowInline = true : VMs can be defined inline in templates
2014-04-03 17:41:18,152 - Velocimacro : allowInlineToOverride = false : VMs defined inline may NOT replace previous VM definitions
2014-04-03 17:41:18,152 - Velocimacro : allowInlineLocal = false : VMs defined inline will be  global in scope if allowed.
2014-04-03 17:41:18,152 - Velocimacro : messages on  : VM system will output logging messages
2014-04-03 17:41:18,152 - Velocimacro : autoload off  : VM system will not automatically reload global library macros
2014-04-03 17:41:18,152 - Velocimacro : initialization complete.
2014-04-03 17:41:18,152 - Velocity successfully started.
2014-04-03 18:00:25,218 - SimpleLog4JLogSystem initialized using logfile 'velocity.log'
2014-04-03 18:00:25,218 - ************************************************************** 
2014-04-03 18:00:25,218 - Starting Jakarta Velocity v1.4
2014-04-03 18:00:25,218 - RuntimeInstance initializing.
2014-04-03 18:00:25,218 - Default Properties File: org\apache\velocity\runtime\defaults\velocity.properties
2014-04-03 18:00:25,218 - Trying to use logger class org.apache.velocity.runtime.log.SimpleLog4JLogSystem
2014-04-03 18:00:25,218 - Using logger class org.apache.velocity.runtime.log.SimpleLog4JLogSystem
2014-04-03 18:00:25,225 - Default ResourceManager initializing. (class org.apache.velocity.runtime.resource.ResourceManagerImpl)
2014-04-03 18:00:25,231 - Resource Loader Instantiated: org.apache.velocity.runtime.resource.loader.ClasspathResourceLoader
2014-04-03 18:00:25,231 - ClasspathResourceLoader : initialization starting.
2014-04-03 18:00:25,231 - ClasspathResourceLoader : initialization complete.
2014-04-03 18:00:25,234 - ResourceCache : initialized. (class org.apache.velocity.runtime.resource.ResourceCacheImpl)
2014-04-03 18:00:25,234 - Default ResourceManager initialization complete.
2014-04-03 18:00:25,237 - Loaded System Directive: org.apache.velocity.runtime.directive.Literal
2014-04-03 18:00:25,242 - Loaded System Directive: org.apache.velocity.runtime.directive.Macro
2014-04-03 18:00:25,247 - Loaded System Directive: org.apache.velocity.runtime.directive.Parse
2014-04-03 18:00:25,250 - Loaded System Directive: org.apache.velocity.runtime.directive.Include
2014-04-03 18:00:25,251 - Loaded System Directive: org.apache.velocity.runtime.directive.Foreach
2014-04-03 18:00:25,295 - Created: 20 parsers.
2014-04-03 18:00:25,313 - Velocimacro : initialization starting.
2014-04-03 18:00:25,313 - Velocimacro : adding VMs from VM library template : VM_global_library.vm
2014-04-03 18:00:25,320 - ResourceManager : unable to find resource 'VM_global_library.vm' in any resource loader.
2014-04-03 18:00:25,320 - Velocimacro : error using  VM library template VM_global_library.vm : org.apache.velocity.exception.ResourceNotFoundException: Unable to find resource 'VM_global_library.vm'
2014-04-03 18:00:25,320 - Velocimacro :  VM library template macro registration complete.
2014-04-03 18:00:25,320 - Velocimacro : allowInline = true : VMs can be defined inline in templates
2014-04-03 18:00:25,320 - Velocimacro : allowInlineToOverride = false : VMs defined inline may NOT replace previous VM definitions
2014-04-03 18:00:25,320 - Velocimacro : allowInlineLocal = false : VMs defined inline will be  global in scope if allowed.
2014-04-03 18:00:25,320 - Velocimacro : messages on  : VM system will output logging messages
2014-04-03 18:00:25,320 - Velocimacro : autoload off  : VM system will not automatically reload global library macros
2014-04-03 18:00:25,320 - Velocimacro : initialization complete.
2014-04-03 18:00:25,320 - Velocity successfully started.
2014-04-03 18:28:05,117 - SimpleLog4JLogSystem initialized using logfile 'velocity.log'
2014-04-03 18:28:05,117 - ************************************************************** 
2014-04-03 18:28:05,117 - Starting Jakarta Velocity v1.4
2014-04-03 18:28:05,117 - RuntimeInstance initializing.
2014-04-03 18:28:05,117 - Default Properties File: org\apache\velocity\runtime\defaults\velocity.properties
2014-04-03 18:28:05,117 - Trying to use logger class org.apache.velocity.runtime.log.SimpleLog4JLogSystem
2014-04-03 18:28:05,117 - Using logger class org.apache.velocity.runtime.log.SimpleLog4JLogSystem
2014-04-03 18:28:05,123 - Default ResourceManager initializing. (class org.apache.velocity.runtime.resource.ResourceManagerImpl)
2014-04-03 18:28:05,128 - Resource Loader Instantiated: org.apache.velocity.runtime.resource.loader.ClasspathResourceLoader
2014-04-03 18:28:05,128 - ClasspathResourceLoader : initialization starting.
2014-04-03 18:28:05,128 - ClasspathResourceLoader : initialization complete.
2014-04-03 18:28:05,130 - ResourceCache : initialized. (class org.apache.velocity.runtime.resource.ResourceCacheImpl)
2014-04-03 18:28:05,130 - Default ResourceManager initialization complete.
2014-04-03 18:28:05,133 - Loaded System Directive: org.apache.velocity.runtime.directive.Literal
2014-04-03 18:28:05,136 - Loaded System Directive: org.apache.velocity.runtime.directive.Macro
2014-04-03 18:28:05,142 - Loaded System Directive: org.apache.velocity.runtime.directive.Parse
2014-04-03 18:28:05,145 - Loaded System Directive: org.apache.velocity.runtime.directive.Include
2014-04-03 18:28:05,146 - Loaded System Directive: org.apache.velocity.runtime.directive.Foreach
2014-04-03 18:28:05,183 - Created: 20 parsers.
2014-04-03 18:28:05,198 - Velocimacro : initialization starting.
2014-04-03 18:28:05,199 - Velocimacro : adding VMs from VM library template : VM_global_library.vm
2014-04-03 18:28:05,205 - ResourceManager : unable to find resource 'VM_global_library.vm' in any resource loader.
2014-04-03 18:28:05,205 - Velocimacro : error using  VM library template VM_global_library.vm : org.apache.velocity.exception.ResourceNotFoundException: Unable to find resource 'VM_global_library.vm'
2014-04-03 18:28:05,205 - Velocimacro :  VM library template macro registration complete.
2014-04-03 18:28:05,205 - Velocimacro : allowInline = true : VMs can be defined inline in templates
2014-04-03 18:28:05,205 - Velocimacro : allowInlineToOverride = false : VMs defined inline may NOT replace previous VM definitions
2014-04-03 18:28:05,205 - Velocimacro : allowInlineLocal = false : VMs defined inline will be  global in scope if allowed.
2014-04-03 18:28:05,205 - Velocimacro : messages on  : VM system will output logging messages
2014-04-03 18:28:05,205 - Velocimacro : autoload off  : VM system will not automatically reload global library macros
2014-04-03 18:28:05,205 - Velocimacro : initialization complete.
2014-04-03 18:28:05,205 - Velocity successfully started.
2014-04-03 18:52:00,785 - SimpleLog4JLogSystem initialized using logfile 'velocity.log'
2014-04-03 18:52:00,785 - ************************************************************** 
2014-04-03 18:52:00,785 - Starting Jakarta Velocity v1.4
2014-04-03 18:52:00,785 - RuntimeInstance initializing.
2014-04-03 18:52:00,785 - Default Properties File: org\apache\velocity\runtime\defaults\velocity.properties
2014-04-03 18:52:00,785 - Trying to use logger class org.apache.velocity.runtime.log.SimpleLog4JLogSystem
2014-04-03 18:52:00,785 - Using logger class org.apache.velocity.runtime.log.SimpleLog4JLogSystem
2014-04-03 18:52:00,792 - Default ResourceManager initializing. (class org.apache.velocity.runtime.resource.ResourceManagerImpl)
2014-04-03 18:52:00,796 - Resource Loader Instantiated: org.apache.velocity.runtime.resource.loader.ClasspathResourceLoader
2014-04-03 18:52:00,796 - ClasspathResourceLoader : initialization starting.
2014-04-03 18:52:00,796 - ClasspathResourceLoader : initialization complete.
2014-04-03 18:52:00,799 - ResourceCache : initialized. (class org.apache.velocity.runtime.resource.ResourceCacheImpl)
2014-04-03 18:52:00,799 - Default ResourceManager initialization complete.
2014-04-03 18:52:00,802 - Loaded System Directive: org.apache.velocity.runtime.directive.Literal
2014-04-03 18:52:00,806 - Loaded System Directive: org.apache.velocity.runtime.directive.Macro
2014-04-03 18:52:00,811 - Loaded System Directive: org.apache.velocity.runtime.directive.Parse
2014-04-03 18:52:00,814 - Loaded System Directive: org.apache.velocity.runtime.directive.Include
2014-04-03 18:52:00,815 - Loaded System Directive: org.apache.velocity.runtime.directive.Foreach
2014-04-03 18:52:00,853 - Created: 20 parsers.
2014-04-03 18:52:00,870 - Velocimacro : initialization starting.
2014-04-03 18:52:00,870 - Velocimacro : adding VMs from VM library template : VM_global_library.vm
2014-04-03 18:52:00,876 - ResourceManager : unable to find resource 'VM_global_library.vm' in any resource loader.
2014-04-03 18:52:00,876 - Velocimacro : error using  VM library template VM_global_library.vm : org.apache.velocity.exception.ResourceNotFoundException: Unable to find resource 'VM_global_library.vm'
2014-04-03 18:52:00,876 - Velocimacro :  VM library template macro registration complete.
2014-04-03 18:52:00,876 - Velocimacro : allowInline = true : VMs can be defined inline in templates
2014-04-03 18:52:00,876 - Velocimacro : allowInlineToOverride = false : VMs defined inline may NOT replace previous VM definitions
2014-04-03 18:52:00,876 - Velocimacro : allowInlineLocal = false : VMs defined inline will be  global in scope if allowed.
2014-04-03 18:52:00,876 - Velocimacro : messages on  : VM system will output logging messages
2014-04-03 18:52:00,876 - Velocimacro : autoload off  : VM system will not automatically reload global library macros
2014-04-03 18:52:00,876 - Velocimacro : initialization complete.
2014-04-03 18:52:00,876 - Velocity successfully started.
2014-04-04 16:00:30,376 - SimpleLog4JLogSystem initialized using logfile 'velocity.log'
2014-04-04 16:00:30,376 - ************************************************************** 
2014-04-04 16:00:30,376 - Starting Jakarta Velocity v1.4
2014-04-04 16:00:30,376 - RuntimeInstance initializing.
2014-04-04 16:00:30,376 - Default Properties File: org\apache\velocity\runtime\defaults\velocity.properties
2014-04-04 16:00:30,376 - Trying to use logger class org.apache.velocity.runtime.log.SimpleLog4JLogSystem
2014-04-04 16:00:30,376 - Using logger class org.apache.velocity.runtime.log.SimpleLog4JLogSystem
2014-04-04 16:00:30,381 - Default ResourceManager initializing. (class org.apache.velocity.runtime.resource.ResourceManagerImpl)
2014-04-04 16:00:30,385 - Resource Loader Instantiated: org.apache.velocity.runtime.resource.loader.ClasspathResourceLoader
2014-04-04 16:00:30,385 - ClasspathResourceLoader : initialization starting.
2014-04-04 16:00:30,385 - ClasspathResourceLoader : initialization complete.
2014-04-04 16:00:30,387 - ResourceCache : initialized. (class org.apache.velocity.runtime.resource.ResourceCacheImpl)
2014-04-04 16:00:30,387 - Default ResourceManager initialization complete.
2014-04-04 16:00:30,390 - Loaded System Directive: org.apache.velocity.runtime.directive.Literal
2014-04-04 16:00:30,393 - Loaded System Directive: org.apache.velocity.runtime.directive.Macro
2014-04-04 16:00:30,397 - Loaded System Directive: org.apache.velocity.runtime.directive.Parse
2014-04-04 16:00:30,399 - Loaded System Directive: org.apache.velocity.runtime.directive.Include
2014-04-04 16:00:30,401 - Loaded System Directive: org.apache.velocity.runtime.directive.Foreach
2014-04-04 16:00:30,435 - Created: 20 parsers.
2014-04-04 16:00:30,448 - Velocimacro : initialization starting.
2014-04-04 16:00:30,448 - Velocimacro : adding VMs from VM library template : VM_global_library.vm
2014-04-04 16:00:30,454 - ResourceManager : unable to find resource 'VM_global_library.vm' in any resource loader.
2014-04-04 16:00:30,454 - Velocimacro : error using  VM library template VM_global_library.vm : org.apache.velocity.exception.ResourceNotFoundException: Unable to find resource 'VM_global_library.vm'
2014-04-04 16:00:30,454 - Velocimacro :  VM library template macro registration complete.
2014-04-04 16:00:30,454 - Velocimacro : allowInline = true : VMs can be defined inline in templates
2014-04-04 16:00:30,454 - Velocimacro : allowInlineToOverride = false : VMs defined inline may NOT replace previous VM definitions
2014-04-04 16:00:30,454 - Velocimacro : allowInlineLocal = false : VMs defined inline will be  global in scope if allowed.
2014-04-04 16:00:30,454 - Velocimacro : messages on  : VM system will output logging messages
2014-04-04 16:00:30,454 - Velocimacro : autoload off  : VM system will not automatically reload global library macros
2014-04-04 16:00:30,454 - Velocimacro : initialization complete.
2014-04-04 16:00:30,454 - Velocity successfully started.
2014-04-04 16:24:59,467 - SimpleLog4JLogSystem initialized using logfile 'velocity.log'
2014-04-04 16:24:59,467 - ************************************************************** 
2014-04-04 16:24:59,467 - Starting Jakarta Velocity v1.4
2014-04-04 16:24:59,467 - RuntimeInstance initializing.
2014-04-04 16:24:59,467 - Default Properties File: org\apache\velocity\runtime\defaults\velocity.properties
2014-04-04 16:24:59,467 - Trying to use logger class org.apache.velocity.runtime.log.SimpleLog4JLogSystem
2014-04-04 16:24:59,467 - Using logger class org.apache.velocity.runtime.log.SimpleLog4JLogSystem
2014-04-04 16:24:59,474 - Default ResourceManager initializing. (class org.apache.velocity.runtime.resource.ResourceManagerImpl)
2014-04-04 16:24:59,478 - Resource Loader Instantiated: org.apache.velocity.runtime.resource.loader.ClasspathResourceLoader
2014-04-04 16:24:59,478 - ClasspathResourceLoader : initialization starting.
2014-04-04 16:24:59,478 - ClasspathResourceLoader : initialization complete.
2014-04-04 16:24:59,481 - ResourceCache : initialized. (class org.apache.velocity.runtime.resource.ResourceCacheImpl)
2014-04-04 16:24:59,481 - Default ResourceManager initialization complete.
2014-04-04 16:24:59,484 - Loaded System Directive: org.apache.velocity.runtime.directive.Literal
2014-04-04 16:24:59,488 - Loaded System Directive: org.apache.velocity.runtime.directive.Macro
2014-04-04 16:24:59,492 - Loaded System Directive: org.apache.velocity.runtime.directive.Parse
2014-04-04 16:24:59,495 - Loaded System Directive: org.apache.velocity.runtime.directive.Include
2014-04-04 16:24:59,497 - Loaded System Directive: org.apache.velocity.runtime.directive.Foreach
2014-04-04 16:24:59,535 - Created: 20 parsers.
2014-04-04 16:24:59,550 - Velocimacro : initialization starting.
2014-04-04 16:24:59,550 - Velocimacro : adding VMs from VM library template : VM_global_library.vm
2014-04-04 16:24:59,557 - ResourceManager : unable to find resource 'VM_global_library.vm' in any resource loader.
2014-04-04 16:24:59,557 - Velocimacro : error using  VM library template VM_global_library.vm : org.apache.velocity.exception.ResourceNotFoundException: Unable to find resource 'VM_global_library.vm'
2014-04-04 16:24:59,557 - Velocimacro :  VM library template macro registration complete.
2014-04-04 16:24:59,557 - Velocimacro : allowInline = true : VMs can be defined inline in templates
2014-04-04 16:24:59,557 - Velocimacro : allowInlineToOverride = false : VMs defined inline may NOT replace previous VM definitions
2014-04-04 16:24:59,557 - Velocimacro : allowInlineLocal = false : VMs defined inline will be  global in scope if allowed.
2014-04-04 16:24:59,557 - Velocimacro : messages on  : VM system will output logging messages
2014-04-04 16:24:59,557 - Velocimacro : autoload off  : VM system will not automatically reload global library macros
2014-04-04 16:24:59,557 - Velocimacro : initialization complete.
2014-04-04 16:24:59,557 - Velocity successfully started.
2014-04-04 16:26:20,109 - SimpleLog4JLogSystem initialized using logfile 'velocity.log'
2014-04-04 16:26:20,109 - ************************************************************** 
2014-04-04 16:26:20,109 - Starting Jakarta Velocity v1.4
2014-04-04 16:26:20,109 - RuntimeInstance initializing.
2014-04-04 16:26:20,109 - Default Properties File: org\apache\velocity\runtime\defaults\velocity.properties
2014-04-04 16:26:20,109 - Trying to use logger class org.apache.velocity.runtime.log.SimpleLog4JLogSystem
2014-04-04 16:26:20,109 - Using logger class org.apache.velocity.runtime.log.SimpleLog4JLogSystem
2014-04-04 16:26:20,115 - Default ResourceManager initializing. (class org.apache.velocity.runtime.resource.ResourceManagerImpl)
2014-04-04 16:26:20,120 - Resource Loader Instantiated: org.apache.velocity.runtime.resource.loader.ClasspathResourceLoader
2014-04-04 16:26:20,120 - ClasspathResourceLoader : initialization starting.
2014-04-04 16:26:20,120 - ClasspathResourceLoader : initialization complete.
2014-04-04 16:26:20,123 - ResourceCache : initialized. (class org.apache.velocity.runtime.resource.ResourceCacheImpl)
2014-04-04 16:26:20,123 - Default ResourceManager initialization complete.
2014-04-04 16:26:20,126 - Loaded System Directive: org.apache.velocity.runtime.directive.Literal
2014-04-04 16:26:20,130 - Loaded System Directive: org.apache.velocity.runtime.directive.Macro
2014-04-04 16:26:20,134 - Loaded System Directive: org.apache.velocity.runtime.directive.Parse
2014-04-04 16:26:20,137 - Loaded System Directive: org.apache.velocity.runtime.directive.Include
2014-04-04 16:26:20,139 - Loaded System Directive: org.apache.velocity.runtime.directive.Foreach
2014-04-04 16:26:20,177 - Created: 20 parsers.
2014-04-04 16:26:20,193 - Velocimacro : initialization starting.
2014-04-04 16:26:20,193 - Velocimacro : adding VMs from VM library template : VM_global_library.vm
2014-04-04 16:26:20,199 - ResourceManager : unable to find resource 'VM_global_library.vm' in any resource loader.
2014-04-04 16:26:20,199 - Velocimacro : error using  VM library template VM_global_library.vm : org.apache.velocity.exception.ResourceNotFoundException: Unable to find resource 'VM_global_library.vm'
2014-04-04 16:26:20,199 - Velocimacro :  VM library template macro registration complete.
2014-04-04 16:26:20,199 - Velocimacro : allowInline = true : VMs can be defined inline in templates
2014-04-04 16:26:20,199 - Velocimacro : allowInlineToOverride = false : VMs defined inline may NOT replace previous VM definitions
2014-04-04 16:26:20,199 - Velocimacro : allowInlineLocal = false : VMs defined inline will be  global in scope if allowed.
2014-04-04 16:26:20,199 - Velocimacro : messages on  : VM system will output logging messages
2014-04-04 16:26:20,199 - Velocimacro : autoload off  : VM system will not automatically reload global library macros
2014-04-04 16:26:20,199 - Velocimacro : initialization complete.
2014-04-04 16:26:20,199 - Velocity successfully started.
2014-04-04 16:27:36,103 - SimpleLog4JLogSystem initialized using logfile 'velocity.log'
2014-04-04 16:27:36,103 - ************************************************************** 
2014-04-04 16:27:36,104 - Starting Jakarta Velocity v1.4
2014-04-04 16:27:36,104 - RuntimeInstance initializing.
2014-04-04 16:27:36,104 - Default Properties File: org\apache\velocity\runtime\defaults\velocity.properties
2014-04-04 16:27:36,104 - Trying to use logger class org.apache.velocity.runtime.log.SimpleLog4JLogSystem
2014-04-04 16:27:36,104 - Using logger class org.apache.velocity.runtime.log.SimpleLog4JLogSystem
2014-04-04 16:27:36,110 - Default ResourceManager initializing. (class org.apache.velocity.runtime.resource.ResourceManagerImpl)
2014-04-04 16:27:36,114 - Resource Loader Instantiated: org.apache.velocity.runtime.resource.loader.ClasspathResourceLoader
2014-04-04 16:27:36,114 - ClasspathResourceLoader : initialization starting.
2014-04-04 16:27:36,114 - ClasspathResourceLoader : initialization complete.
2014-04-04 16:27:36,117 - ResourceCache : initialized. (class org.apache.velocity.runtime.resource.ResourceCacheImpl)
2014-04-04 16:27:36,117 - Default ResourceManager initialization complete.
2014-04-04 16:27:36,120 - Loaded System Directive: org.apache.velocity.runtime.directive.Literal
2014-04-04 16:27:36,123 - Loaded System Directive: org.apache.velocity.runtime.directive.Macro
2014-04-04 16:27:36,129 - Loaded System Directive: org.apache.velocity.runtime.directive.Parse
2014-04-04 16:27:36,132 - Loaded System Directive: org.apache.velocity.runtime.directive.Include
2014-04-04 16:27:36,133 - Loaded System Directive: org.apache.velocity.runtime.directive.Foreach
2014-04-04 16:27:36,172 - Created: 20 parsers.
2014-04-04 16:27:36,188 - Velocimacro : initialization starting.
2014-04-04 16:27:36,188 - Velocimacro : adding VMs from VM library template : VM_global_library.vm
2014-04-04 16:27:36,195 - ResourceManager : unable to find resource 'VM_global_library.vm' in any resource loader.
2014-04-04 16:27:36,195 - Velocimacro : error using  VM library template VM_global_library.vm : org.apache.velocity.exception.ResourceNotFoundException: Unable to find resource 'VM_global_library.vm'
2014-04-04 16:27:36,195 - Velocimacro :  VM library template macro registration complete.
2014-04-04 16:27:36,195 - Velocimacro : allowInline = true : VMs can be defined inline in templates
2014-04-04 16:27:36,195 - Velocimacro : allowInlineToOverride = false : VMs defined inline may NOT replace previous VM definitions
2014-04-04 16:27:36,195 - Velocimacro : allowInlineLocal = false : VMs defined inline will be  global in scope if allowed.
2014-04-04 16:27:36,195 - Velocimacro : messages on  : VM system will output logging messages
2014-04-04 16:27:36,195 - Velocimacro : autoload off  : VM system will not automatically reload global library macros
2014-04-04 16:27:36,195 - Velocimacro : initialization complete.
2014-04-04 16:27:36,195 - Velocity successfully started.
2014-04-04 16:28:26,191 - SimpleLog4JLogSystem initialized using logfile 'velocity.log'
2014-04-04 16:28:26,191 - ************************************************************** 
2014-04-04 16:28:26,191 - Starting Jakarta Velocity v1.4
2014-04-04 16:28:26,191 - RuntimeInstance initializing.
2014-04-04 16:28:26,191 - Default Properties File: org\apache\velocity\runtime\defaults\velocity.properties
2014-04-04 16:28:26,191 - Trying to use logger class org.apache.velocity.runtime.log.SimpleLog4JLogSystem
2014-04-04 16:28:26,191 - Using logger class org.apache.velocity.runtime.log.SimpleLog4JLogSystem
2014-04-04 16:28:26,198 - Default ResourceManager initializing. (class org.apache.velocity.runtime.resource.ResourceManagerImpl)
2014-04-04 16:28:26,202 - Resource Loader Instantiated: org.apache.velocity.runtime.resource.loader.ClasspathResourceLoader
2014-04-04 16:28:26,202 - ClasspathResourceLoader : initialization starting.
2014-04-04 16:28:26,202 - ClasspathResourceLoader : initialization complete.
2014-04-04 16:28:26,205 - ResourceCache : initialized. (class org.apache.velocity.runtime.resource.ResourceCacheImpl)
2014-04-04 16:28:26,205 - Default ResourceManager initialization complete.
2014-04-04 16:28:26,208 - Loaded System Directive: org.apache.velocity.runtime.directive.Literal
2014-04-04 16:28:26,211 - Loaded System Directive: org.apache.velocity.runtime.directive.Macro
2014-04-04 16:28:26,217 - Loaded System Directive: org.apache.velocity.runtime.directive.Parse
2014-04-04 16:28:26,220 - Loaded System Directive: org.apache.velocity.runtime.directive.Include
2014-04-04 16:28:26,222 - Loaded System Directive: org.apache.velocity.runtime.directive.Foreach
2014-04-04 16:28:26,261 - Created: 20 parsers.
2014-04-04 16:28:26,279 - Velocimacro : initialization starting.
2014-04-04 16:28:26,279 - Velocimacro : adding VMs from VM library template : VM_global_library.vm
2014-04-04 16:28:26,285 - ResourceManager : unable to find resource 'VM_global_library.vm' in any resource loader.
2014-04-04 16:28:26,285 - Velocimacro : error using  VM library template VM_global_library.vm : org.apache.velocity.exception.ResourceNotFoundException: Unable to find resource 'VM_global_library.vm'
2014-04-04 16:28:26,285 - Velocimacro :  VM library template macro registration complete.
2014-04-04 16:28:26,285 - Velocimacro : allowInline = true : VMs can be defined inline in templates
2014-04-04 16:28:26,285 - Velocimacro : allowInlineToOverride = false : VMs defined inline may NOT replace previous VM definitions
2014-04-04 16:28:26,285 - Velocimacro : allowInlineLocal = false : VMs defined inline will be  global in scope if allowed.
2014-04-04 16:28:26,285 - Velocimacro : messages on  : VM system will output logging messages
2014-04-04 16:28:26,285 - Velocimacro : autoload off  : VM system will not automatically reload global library macros
2014-04-04 16:28:26,285 - Velocimacro : initialization complete.
2014-04-04 16:28:26,285 - Velocity successfully started.
2014-04-04 16:30:44,116 - SimpleLog4JLogSystem initialized using logfile 'velocity.log'
2014-04-04 16:30:44,116 - ************************************************************** 
2014-04-04 16:30:44,116 - Starting Jakarta Velocity v1.4
2014-04-04 16:30:44,116 - RuntimeInstance initializing.
2014-04-04 16:30:44,117 - Default Properties File: org\apache\velocity\runtime\defaults\velocity.properties
2014-04-04 16:30:44,117 - Trying to use logger class org.apache.velocity.runtime.log.SimpleLog4JLogSystem
2014-04-04 16:30:44,117 - Using logger class org.apache.velocity.runtime.log.SimpleLog4JLogSystem
2014-04-04 16:30:44,123 - Default ResourceManager initializing. (class org.apache.velocity.runtime.resource.ResourceManagerImpl)
2014-04-04 16:30:44,127 - Resource Loader Instantiated: org.apache.velocity.runtime.resource.loader.ClasspathResourceLoader
2014-04-04 16:30:44,127 - ClasspathResourceLoader : initialization starting.
2014-04-04 16:30:44,127 - ClasspathResourceLoader : initialization complete.
2014-04-04 16:30:44,130 - ResourceCache : initialized. (class org.apache.velocity.runtime.resource.ResourceCacheImpl)
2014-04-04 16:30:44,130 - Default ResourceManager initialization complete.
2014-04-04 16:30:44,133 - Loaded System Directive: org.apache.velocity.runtime.directive.Literal
2014-04-04 16:30:44,136 - Loaded System Directive: org.apache.velocity.runtime.directive.Macro
2014-04-04 16:30:44,141 - Loaded System Directive: org.apache.velocity.runtime.directive.Parse
2014-04-04 16:30:44,144 - Loaded System Directive: org.apache.velocity.runtime.directive.Include
2014-04-04 16:30:44,146 - Loaded System Directive: org.apache.velocity.runtime.directive.Foreach
2014-04-04 16:30:44,184 - Created: 20 parsers.
2014-04-04 16:30:44,199 - Velocimacro : initialization starting.
2014-04-04 16:30:44,200 - Velocimacro : adding VMs from VM library template : VM_global_library.vm
2014-04-04 16:30:44,206 - ResourceManager : unable to find resource 'VM_global_library.vm' in any resource loader.
2014-04-04 16:30:44,206 - Velocimacro : error using  VM library template VM_global_library.vm : org.apache.velocity.exception.ResourceNotFoundException: Unable to find resource 'VM_global_library.vm'
2014-04-04 16:30:44,206 - Velocimacro :  VM library template macro registration complete.
2014-04-04 16:30:44,206 - Velocimacro : allowInline = true : VMs can be defined inline in templates
2014-04-04 16:30:44,206 - Velocimacro : allowInlineToOverride = false : VMs defined inline may NOT replace previous VM definitions
2014-04-04 16:30:44,206 - Velocimacro : allowInlineLocal = false : VMs defined inline will be  global in scope if allowed.
2014-04-04 16:30:44,206 - Velocimacro : messages on  : VM system will output logging messages
2014-04-04 16:30:44,206 - Velocimacro : autoload off  : VM system will not automatically reload global library macros
2014-04-04 16:30:44,206 - Velocimacro : initialization complete.
2014-04-04 16:30:44,206 - Velocity successfully started.
2014-04-04 16:31:30,800 - SimpleLog4JLogSystem initialized using logfile 'velocity.log'
2014-04-04 16:31:30,801 - ************************************************************** 
2014-04-04 16:31:30,801 - Starting Jakarta Velocity v1.4
2014-04-04 16:31:30,801 - RuntimeInstance initializing.
2014-04-04 16:31:30,801 - Default Properties File: org\apache\velocity\runtime\defaults\velocity.properties
2014-04-04 16:31:30,801 - Trying to use logger class org.apache.velocity.runtime.log.SimpleLog4JLogSystem
2014-04-04 16:31:30,801 - Using logger class org.apache.velocity.runtime.log.SimpleLog4JLogSystem
2014-04-04 16:31:30,807 - Default ResourceManager initializing. (class org.apache.velocity.runtime.resource.ResourceManagerImpl)
2014-04-04 16:31:30,811 - Resource Loader Instantiated: org.apache.velocity.runtime.resource.loader.ClasspathResourceLoader
2014-04-04 16:31:30,811 - ClasspathResourceLoader : initialization starting.
2014-04-04 16:31:30,811 - ClasspathResourceLoader : initialization complete.
2014-04-04 16:31:30,814 - ResourceCache : initialized. (class org.apache.velocity.runtime.resource.ResourceCacheImpl)
2014-04-04 16:31:30,814 - Default ResourceManager initialization complete.
2014-04-04 16:31:30,817 - Loaded System Directive: org.apache.velocity.runtime.directive.Literal
2014-04-04 16:31:30,821 - Loaded System Directive: org.apache.velocity.runtime.directive.Macro
2014-04-04 16:31:30,825 - Loaded System Directive: org.apache.velocity.runtime.directive.Parse
2014-04-04 16:31:30,828 - Loaded System Directive: org.apache.velocity.runtime.directive.Include
2014-04-04 16:31:30,830 - Loaded System Directive: org.apache.velocity.runtime.directive.Foreach
2014-04-04 16:31:30,868 - Created: 20 parsers.
2014-04-04 16:31:30,884 - Velocimacro : initialization starting.
2014-04-04 16:31:30,884 - Velocimacro : adding VMs from VM library template : VM_global_library.vm
2014-04-04 16:31:30,891 - ResourceManager : unable to find resource 'VM_global_library.vm' in any resource loader.
2014-04-04 16:31:30,891 - Velocimacro : error using  VM library template VM_global_library.vm : org.apache.velocity.exception.ResourceNotFoundException: Unable to find resource 'VM_global_library.vm'
2014-04-04 16:31:30,891 - Velocimacro :  VM library template macro registration complete.
2014-04-04 16:31:30,891 - Velocimacro : allowInline = true : VMs can be defined inline in templates
2014-04-04 16:31:30,891 - Velocimacro : allowInlineToOverride = false : VMs defined inline may NOT replace previous VM definitions
2014-04-04 16:31:30,891 - Velocimacro : allowInlineLocal = false : VMs defined inline will be  global in scope if allowed.
2014-04-04 16:31:30,891 - Velocimacro : messages on  : VM system will output logging messages
2014-04-04 16:31:30,891 - Velocimacro : autoload off  : VM system will not automatically reload global library macros
2014-04-04 16:31:30,891 - Velocimacro : initialization complete.
2014-04-04 16:31:30,891 - Velocity successfully started.
2014-04-04 16:33:09,426 - SimpleLog4JLogSystem initialized using logfile 'velocity.log'
2014-04-04 16:33:09,426 - ************************************************************** 
2014-04-04 16:33:09,426 - Starting Jakarta Velocity v1.4
2014-04-04 16:33:09,426 - RuntimeInstance initializing.
2014-04-04 16:33:09,426 - Default Properties File: org\apache\velocity\runtime\defaults\velocity.properties
2014-04-04 16:33:09,426 - Trying to use logger class org.apache.velocity.runtime.log.SimpleLog4JLogSystem
2014-04-04 16:33:09,426 - Using logger class org.apache.velocity.runtime.log.SimpleLog4JLogSystem
2014-04-04 16:33:09,432 - Default ResourceManager initializing. (class org.apache.velocity.runtime.resource.ResourceManagerImpl)
2014-04-04 16:33:09,437 - Resource Loader Instantiated: org.apache.velocity.runtime.resource.loader.ClasspathResourceLoader
2014-04-04 16:33:09,437 - ClasspathResourceLoader : initialization starting.
2014-04-04 16:33:09,437 - ClasspathResourceLoader : initialization complete.
2014-04-04 16:33:09,440 - ResourceCache : initialized. (class org.apache.velocity.runtime.resource.ResourceCacheImpl)
2014-04-04 16:33:09,440 - Default ResourceManager initialization complete.
2014-04-04 16:33:09,442 - Loaded System Directive: org.apache.velocity.runtime.directive.Literal
2014-04-04 16:33:09,447 - Loaded System Directive: org.apache.velocity.runtime.directive.Macro
2014-04-04 16:33:09,452 - Loaded System Directive: org.apache.velocity.runtime.directive.Parse
2014-04-04 16:33:09,455 - Loaded System Directive: org.apache.velocity.runtime.directive.Include
2014-04-04 16:33:09,456 - Loaded System Directive: org.apache.velocity.runtime.directive.Foreach
2014-04-04 16:33:09,494 - Created: 20 parsers.
2014-04-04 16:33:09,510 - Velocimacro : initialization starting.
2014-04-04 16:33:09,510 - Velocimacro : adding VMs from VM library template : VM_global_library.vm
2014-04-04 16:33:09,516 - ResourceManager : unable to find resource 'VM_global_library.vm' in any resource loader.
2014-04-04 16:33:09,516 - Velocimacro : error using  VM library template VM_global_library.vm : org.apache.velocity.exception.ResourceNotFoundException: Unable to find resource 'VM_global_library.vm'
2014-04-04 16:33:09,516 - Velocimacro :  VM library template macro registration complete.
2014-04-04 16:33:09,516 - Velocimacro : allowInline = true : VMs can be defined inline in templates
2014-04-04 16:33:09,516 - Velocimacro : allowInlineToOverride = false : VMs defined inline may NOT replace previous VM definitions
2014-04-04 16:33:09,516 - Velocimacro : allowInlineLocal = false : VMs defined inline will be  global in scope if allowed.
2014-04-04 16:33:09,516 - Velocimacro : messages on  : VM system will output logging messages
2014-04-04 16:33:09,517 - Velocimacro : autoload off  : VM system will not automatically reload global library macros
2014-04-04 16:33:09,517 - Velocimacro : initialization complete.
2014-04-04 16:33:09,517 - Velocity successfully started.
2014-04-04 16:36:43,324 - SimpleLog4JLogSystem initialized using logfile 'velocity.log'
2014-04-04 16:36:43,324 - ************************************************************** 
2014-04-04 16:36:43,324 - Starting Jakarta Velocity v1.4
2014-04-04 16:36:43,324 - RuntimeInstance initializing.
2014-04-04 16:36:43,324 - Default Properties File: org\apache\velocity\runtime\defaults\velocity.properties
2014-04-04 16:36:43,324 - Trying to use logger class org.apache.velocity.runtime.log.SimpleLog4JLogSystem
2014-04-04 16:36:43,324 - Using logger class org.apache.velocity.runtime.log.SimpleLog4JLogSystem
2014-04-04 16:36:43,330 - Default ResourceManager initializing. (class org.apache.velocity.runtime.resource.ResourceManagerImpl)
2014-04-04 16:36:43,335 - Resource Loader Instantiated: org.apache.velocity.runtime.resource.loader.ClasspathResourceLoader
2014-04-04 16:36:43,335 - ClasspathResourceLoader : initialization starting.
2014-04-04 16:36:43,335 - ClasspathResourceLoader : initialization complete.
2014-04-04 16:36:43,337 - ResourceCache : initialized. (class org.apache.velocity.runtime.resource.ResourceCacheImpl)
2014-04-04 16:36:43,337 - Default ResourceManager initialization complete.
2014-04-04 16:36:43,340 - Loaded System Directive: org.apache.velocity.runtime.directive.Literal
2014-04-04 16:36:43,345 - Loaded System Directive: org.apache.velocity.runtime.directive.Macro
2014-04-04 16:36:43,349 - Loaded System Directive: org.apache.velocity.runtime.directive.Parse
2014-04-04 16:36:43,352 - Loaded System Directive: org.apache.velocity.runtime.directive.Include
2014-04-04 16:36:43,353 - Loaded System Directive: org.apache.velocity.runtime.directive.Foreach
2014-04-04 16:36:43,392 - Created: 20 parsers.
2014-04-04 16:36:43,408 - Velocimacro : initialization starting.
2014-04-04 16:36:43,408 - Velocimacro : adding VMs from VM library template : VM_global_library.vm
2014-04-04 16:36:43,415 - ResourceManager : unable to find resource 'VM_global_library.vm' in any resource loader.
2014-04-04 16:36:43,415 - Velocimacro : error using  VM library template VM_global_library.vm : org.apache.velocity.exception.ResourceNotFoundException: Unable to find resource 'VM_global_library.vm'
2014-04-04 16:36:43,415 - Velocimacro :  VM library template macro registration complete.
2014-04-04 16:36:43,415 - Velocimacro : allowInline = true : VMs can be defined inline in templates
2014-04-04 16:36:43,415 - Velocimacro : allowInlineToOverride = false : VMs defined inline may NOT replace previous VM definitions
2014-04-04 16:36:43,415 - Velocimacro : allowInlineLocal = false : VMs defined inline will be  global in scope if allowed.
2014-04-04 16:36:43,415 - Velocimacro : messages on  : VM system will output logging messages
2014-04-04 16:36:43,415 - Velocimacro : autoload off  : VM system will not automatically reload global library macros
2014-04-04 16:36:43,415 - Velocimacro : initialization complete.
2014-04-04 16:36:43,415 - Velocity successfully started.
2014-04-04 16:55:02,679 - SimpleLog4JLogSystem initialized using logfile 'velocity.log'
2014-04-04 16:55:02,679 - ************************************************************** 
2014-04-04 16:55:02,680 - Starting Jakarta Velocity v1.4
2014-04-04 16:55:02,680 - RuntimeInstance initializing.
2014-04-04 16:55:02,680 - Default Properties File: org\apache\velocity\runtime\defaults\velocity.properties
2014-04-04 16:55:02,680 - Trying to use logger class org.apache.velocity.runtime.log.SimpleLog4JLogSystem
2014-04-04 16:55:02,680 - Using logger class org.apache.velocity.runtime.log.SimpleLog4JLogSystem
2014-04-04 16:55:02,686 - Default ResourceManager initializing. (class org.apache.velocity.runtime.resource.ResourceManagerImpl)
2014-04-04 16:55:02,690 - Resource Loader Instantiated: org.apache.velocity.runtime.resource.loader.ClasspathResourceLoader
2014-04-04 16:55:02,690 - ClasspathResourceLoader : initialization starting.
2014-04-04 16:55:02,690 - ClasspathResourceLoader : initialization complete.
2014-04-04 16:55:02,693 - ResourceCache : initialized. (class org.apache.velocity.runtime.resource.ResourceCacheImpl)
2014-04-04 16:55:02,693 - Default ResourceManager initialization complete.
2014-04-04 16:55:02,696 - Loaded System Directive: org.apache.velocity.runtime.directive.Literal
2014-04-04 16:55:02,700 - Loaded System Directive: org.apache.velocity.runtime.directive.Macro
2014-04-04 16:55:02,704 - Loaded System Directive: org.apache.velocity.runtime.directive.Parse
2014-04-04 16:55:02,707 - Loaded System Directive: org.apache.velocity.runtime.directive.Include
2014-04-04 16:55:02,708 - Loaded System Directive: org.apache.velocity.runtime.directive.Foreach
2014-04-04 16:55:02,745 - Created: 20 parsers.
2014-04-04 16:55:02,760 - Velocimacro : initialization starting.
2014-04-04 16:55:02,761 - Velocimacro : adding VMs from VM library template : VM_global_library.vm
2014-04-04 16:55:02,767 - ResourceManager : unable to find resource 'VM_global_library.vm' in any resource loader.
2014-04-04 16:55:02,767 - Velocimacro : error using  VM library template VM_global_library.vm : org.apache.velocity.exception.ResourceNotFoundException: Unable to find resource 'VM_global_library.vm'
2014-04-04 16:55:02,767 - Velocimacro :  VM library template macro registration complete.
2014-04-04 16:55:02,767 - Velocimacro : allowInline = true : VMs can be defined inline in templates
2014-04-04 16:55:02,767 - Velocimacro : allowInlineToOverride = false : VMs defined inline may NOT replace previous VM definitions
2014-04-04 16:55:02,767 - Velocimacro : allowInlineLocal = false : VMs defined inline will be  global in scope if allowed.
2014-04-04 16:55:02,767 - Velocimacro : messages on  : VM system will output logging messages
2014-04-04 16:55:02,767 - Velocimacro : autoload off  : VM system will not automatically reload global library macros
2014-04-04 16:55:02,767 - Velocimacro : initialization complete.
2014-04-04 16:55:02,767 - Velocity successfully started.
2014-04-04 16:56:00,236 - SimpleLog4JLogSystem initialized using logfile 'velocity.log'
2014-04-04 16:56:00,236 - ************************************************************** 
2014-04-04 16:56:00,236 - Starting Jakarta Velocity v1.4
2014-04-04 16:56:00,236 - RuntimeInstance initializing.
2014-04-04 16:56:00,236 - Default Properties File: org\apache\velocity\runtime\defaults\velocity.properties
2014-04-04 16:56:00,236 - Trying to use logger class org.apache.velocity.runtime.log.SimpleLog4JLogSystem
2014-04-04 16:56:00,236 - Using logger class org.apache.velocity.runtime.log.SimpleLog4JLogSystem
2014-04-04 16:56:00,242 - Default ResourceManager initializing. (class org.apache.velocity.runtime.resource.ResourceManagerImpl)
2014-04-04 16:56:00,247 - Resource Loader Instantiated: org.apache.velocity.runtime.resource.loader.ClasspathResourceLoader
2014-04-04 16:56:00,247 - ClasspathResourceLoader : initialization starting.
2014-04-04 16:56:00,247 - ClasspathResourceLoader : initialization complete.
2014-04-04 16:56:00,250 - ResourceCache : initialized. (class org.apache.velocity.runtime.resource.ResourceCacheImpl)
2014-04-04 16:56:00,250 - Default ResourceManager initialization complete.
2014-04-04 16:56:00,253 - Loaded System Directive: org.apache.velocity.runtime.directive.Literal
2014-04-04 16:56:00,256 - Loaded System Directive: org.apache.velocity.runtime.directive.Macro
2014-04-04 16:56:00,262 - Loaded System Directive: org.apache.velocity.runtime.directive.Parse
2014-04-04 16:56:00,265 - Loaded System Directive: org.apache.velocity.runtime.directive.Include
2014-04-04 16:56:00,266 - Loaded System Directive: org.apache.velocity.runtime.directive.Foreach
2014-04-04 16:56:00,305 - Created: 20 parsers.
2014-04-04 16:56:00,321 - Velocimacro : initialization starting.
2014-04-04 16:56:00,321 - Velocimacro : adding VMs from VM library template : VM_global_library.vm
2014-04-04 16:56:00,327 - ResourceManager : unable to find resource 'VM_global_library.vm' in any resource loader.
2014-04-04 16:56:00,327 - Velocimacro : error using  VM library template VM_global_library.vm : org.apache.velocity.exception.ResourceNotFoundException: Unable to find resource 'VM_global_library.vm'
2014-04-04 16:56:00,328 - Velocimacro :  VM library template macro registration complete.
2014-04-04 16:56:00,328 - Velocimacro : allowInline = true : VMs can be defined inline in templates
2014-04-04 16:56:00,328 - Velocimacro : allowInlineToOverride = false : VMs defined inline may NOT replace previous VM definitions
2014-04-04 16:56:00,328 - Velocimacro : allowInlineLocal = false : VMs defined inline will be  global in scope if allowed.
2014-04-04 16:56:00,328 - Velocimacro : messages on  : VM system will output logging messages
2014-04-04 16:56:00,328 - Velocimacro : autoload off  : VM system will not automatically reload global library macros
2014-04-04 16:56:00,328 - Velocimacro : initialization complete.
2014-04-04 16:56:00,328 - Velocity successfully started.
2014-04-04 16:57:37,238 - SimpleLog4JLogSystem initialized using logfile 'velocity.log'
2014-04-04 16:57:37,238 - ************************************************************** 
2014-04-04 16:57:37,238 - Starting Jakarta Velocity v1.4
2014-04-04 16:57:37,239 - RuntimeInstance initializing.
2014-04-04 16:57:37,239 - Default Properties File: org\apache\velocity\runtime\defaults\velocity.properties
2014-04-04 16:57:37,239 - Trying to use logger class org.apache.velocity.runtime.log.SimpleLog4JLogSystem
2014-04-04 16:57:37,239 - Using logger class org.apache.velocity.runtime.log.SimpleLog4JLogSystem
2014-04-04 16:57:37,245 - Default ResourceManager initializing. (class org.apache.velocity.runtime.resource.ResourceManagerImpl)
2014-04-04 16:57:37,249 - Resource Loader Instantiated: org.apache.velocity.runtime.resource.loader.ClasspathResourceLoader
2014-04-04 16:57:37,249 - ClasspathResourceLoader : initialization starting.
2014-04-04 16:57:37,249 - ClasspathResourceLoader : initialization complete.
2014-04-04 16:57:37,252 - ResourceCache : initialized. (class org.apache.velocity.runtime.resource.ResourceCacheImpl)
2014-04-04 16:57:37,252 - Default ResourceManager initialization complete.
2014-04-04 16:57:37,254 - Loaded System Directive: org.apache.velocity.runtime.directive.Literal
2014-04-04 16:57:37,257 - Loaded System Directive: org.apache.velocity.runtime.directive.Macro
2014-04-04 16:57:37,263 - Loaded System Directive: org.apache.velocity.runtime.directive.Parse
2014-04-04 16:57:37,266 - Loaded System Directive: org.apache.velocity.runtime.directive.Include
2014-04-04 16:57:37,267 - Loaded System Directive: org.apache.velocity.runtime.directive.Foreach
2014-04-04 16:57:37,304 - Created: 20 parsers.
2014-04-04 16:57:37,320 - Velocimacro : initialization starting.
2014-04-04 16:57:37,320 - Velocimacro : adding VMs from VM library template : VM_global_library.vm
2014-04-04 16:57:37,326 - ResourceManager : unable to find resource 'VM_global_library.vm' in any resource loader.
2014-04-04 16:57:37,326 - Velocimacro : error using  VM library template VM_global_library.vm : org.apache.velocity.exception.ResourceNotFoundException: Unable to find resource 'VM_global_library.vm'
2014-04-04 16:57:37,326 - Velocimacro :  VM library template macro registration complete.
2014-04-04 16:57:37,326 - Velocimacro : allowInline = true : VMs can be defined inline in templates
2014-04-04 16:57:37,326 - Velocimacro : allowInlineToOverride = false : VMs defined inline may NOT replace previous VM definitions
2014-04-04 16:57:37,327 - Velocimacro : allowInlineLocal = false : VMs defined inline will be  global in scope if allowed.
2014-04-04 16:57:37,327 - Velocimacro : messages on  : VM system will output logging messages
2014-04-04 16:57:37,327 - Velocimacro : autoload off  : VM system will not automatically reload global library macros
2014-04-04 16:57:37,327 - Velocimacro : initialization complete.
2014-04-04 16:57:37,327 - Velocity successfully started.
2014-04-04 17:01:43,342 - SimpleLog4JLogSystem initialized using logfile 'velocity.log'
2014-04-04 17:01:43,343 - ************************************************************** 
2014-04-04 17:01:43,343 - Starting Jakarta Velocity v1.4
2014-04-04 17:01:43,343 - RuntimeInstance initializing.
2014-04-04 17:01:43,343 - Default Properties File: org\apache\velocity\runtime\defaults\velocity.properties
2014-04-04 17:01:43,343 - Trying to use logger class org.apache.velocity.runtime.log.SimpleLog4JLogSystem
2014-04-04 17:01:43,343 - Using logger class org.apache.velocity.runtime.log.SimpleLog4JLogSystem
2014-04-04 17:01:43,349 - Default ResourceManager initializing. (class org.apache.velocity.runtime.resource.ResourceManagerImpl)
2014-04-04 17:01:43,353 - Resource Loader Instantiated: org.apache.velocity.runtime.resource.loader.ClasspathResourceLoader
2014-04-04 17:01:43,353 - ClasspathResourceLoader : initialization starting.
2014-04-04 17:01:43,353 - ClasspathResourceLoader : initialization complete.
2014-04-04 17:01:43,356 - ResourceCache : initialized. (class org.apache.velocity.runtime.resource.ResourceCacheImpl)
2014-04-04 17:01:43,356 - Default ResourceManager initialization complete.
2014-04-04 17:01:43,359 - Loaded System Directive: org.apache.velocity.runtime.directive.Literal
2014-04-04 17:01:43,363 - Loaded System Directive: org.apache.velocity.runtime.directive.Macro
2014-04-04 17:01:43,367 - Loaded System Directive: org.apache.velocity.runtime.directive.Parse
2014-04-04 17:01:43,370 - Loaded System Directive: org.apache.velocity.runtime.directive.Include
2014-04-04 17:01:43,372 - Loaded System Directive: org.apache.velocity.runtime.directive.Foreach
2014-04-04 17:01:43,410 - Created: 20 parsers.
2014-04-04 17:01:43,425 - Velocimacro : initialization starting.
2014-04-04 17:01:43,425 - Velocimacro : adding VMs from VM library template : VM_global_library.vm
2014-04-04 17:01:43,432 - ResourceManager : unable to find resource 'VM_global_library.vm' in any resource loader.
2014-04-04 17:01:43,432 - Velocimacro : error using  VM library template VM_global_library.vm : org.apache.velocity.exception.ResourceNotFoundException: Unable to find resource 'VM_global_library.vm'
2014-04-04 17:01:43,432 - Velocimacro :  VM library template macro registration complete.
2014-04-04 17:01:43,432 - Velocimacro : allowInline = true : VMs can be defined inline in templates
2014-04-04 17:01:43,432 - Velocimacro : allowInlineToOverride = false : VMs defined inline may NOT replace previous VM definitions
2014-04-04 17:01:43,432 - Velocimacro : allowInlineLocal = false : VMs defined inline will be  global in scope if allowed.
2014-04-04 17:01:43,432 - Velocimacro : messages on  : VM system will output logging messages
2014-04-04 17:01:43,432 - Velocimacro : autoload off  : VM system will not automatically reload global library macros
2014-04-04 17:01:43,432 - Velocimacro : initialization complete.
2014-04-04 17:01:43,432 - Velocity successfully started.
2014-04-04 17:11:02,709 - SimpleLog4JLogSystem initialized using logfile 'velocity.log'
2014-04-04 17:11:02,709 - ************************************************************** 
2014-04-04 17:11:02,709 - Starting Jakarta Velocity v1.4
2014-04-04 17:11:02,709 - RuntimeInstance initializing.
2014-04-04 17:11:02,709 - Default Properties File: org\apache\velocity\runtime\defaults\velocity.properties
2014-04-04 17:11:02,709 - Trying to use logger class org.apache.velocity.runtime.log.SimpleLog4JLogSystem
2014-04-04 17:11:02,709 - Using logger class org.apache.velocity.runtime.log.SimpleLog4JLogSystem
2014-04-04 17:11:02,715 - Default ResourceManager initializing. (class org.apache.velocity.runtime.resource.ResourceManagerImpl)
2014-04-04 17:11:02,719 - Resource Loader Instantiated: org.apache.velocity.runtime.resource.loader.ClasspathResourceLoader
2014-04-04 17:11:02,719 - ClasspathResourceLoader : initialization starting.
2014-04-04 17:11:02,719 - ClasspathResourceLoader : initialization complete.
2014-04-04 17:11:02,722 - ResourceCache : initialized. (class org.apache.velocity.runtime.resource.ResourceCacheImpl)
2014-04-04 17:11:02,722 - Default ResourceManager initialization complete.
2014-04-04 17:11:02,725 - Loaded System Directive: org.apache.velocity.runtime.directive.Literal
2014-04-04 17:11:02,728 - Loaded System Directive: org.apache.velocity.runtime.directive.Macro
2014-04-04 17:11:02,734 - Loaded System Directive: org.apache.velocity.runtime.directive.Parse
2014-04-04 17:11:02,737 - Loaded System Directive: org.apache.velocity.runtime.directive.Include
2014-04-04 17:11:02,738 - Loaded System Directive: org.apache.velocity.runtime.directive.Foreach
2014-04-04 17:11:02,775 - Created: 20 parsers.
2014-04-04 17:11:02,790 - Velocimacro : initialization starting.
2014-04-04 17:11:02,791 - Velocimacro : adding VMs from VM library template : VM_global_library.vm
2014-04-04 17:11:02,797 - ResourceManager : unable to find resource 'VM_global_library.vm' in any resource loader.
2014-04-04 17:11:02,797 - Velocimacro : error using  VM library template VM_global_library.vm : org.apache.velocity.exception.ResourceNotFoundException: Unable to find resource 'VM_global_library.vm'
2014-04-04 17:11:02,797 - Velocimacro :  VM library template macro registration complete.
2014-04-04 17:11:02,797 - Velocimacro : allowInline = true : VMs can be defined inline in templates
2014-04-04 17:11:02,797 - Velocimacro : allowInlineToOverride = false : VMs defined inline may NOT replace previous VM definitions
2014-04-04 17:11:02,797 - Velocimacro : allowInlineLocal = false : VMs defined inline will be  global in scope if allowed.
2014-04-04 17:11:02,797 - Velocimacro : messages on  : VM system will output logging messages
2014-04-04 17:11:02,797 - Velocimacro : autoload off  : VM system will not automatically reload global library macros
2014-04-04 17:11:02,797 - Velocimacro : initialization complete.
2014-04-04 17:11:02,797 - Velocity successfully started.
